\BOOKMARK [0][-]{chapter.1}{\376\377\000I\000n\000t\000r\000o\000d\000u\000c\000c\000i\000\363\000n}{}% 1
\BOOKMARK [1][-]{section.1.1}{\376\377\000E\000s\000t\000r\000u\000c\000t\000u\000r\000a\000\040\000d\000e\000l\000\040\000d\000o\000c\000u\000m\000e\000n\000t\000o}{chapter.1}% 2
\BOOKMARK [0][-]{chapter.2}{\376\377\000O\000b\000j\000e\000t\000i\000v\000o\000s}{}% 3
\BOOKMARK [1][-]{section.2.1}{\376\377\000S\000u\000b\000o\000b\000j\000e\000t\000i\000v\000o\000s\000\040\000e\000s\000p\000e\000c\000\355\000f\000i\000c\000o\000s}{chapter.2}% 4
\BOOKMARK [0][-]{chapter.3}{\376\377\000E\000s\000t\000a\000d\000o\000\040\000d\000e\000l\000\040\000A\000r\000t\000e}{}% 5
\BOOKMARK [1][-]{section.3.1}{\376\377\000E\000v\000o\000l\000u\000c\000i\000\363\000n\000\040\000d\000e\000\040\000l\000a\000s\000\040\000a\000u\000d\000i\000t\000o\000r\000\355\000a\000s\000\040\000d\000e\000\040\000s\000e\000g\000u\000r\000i\000d\000a\000d}{chapter.3}% 6
\BOOKMARK [1][-]{section.3.2}{\376\377\000H\000e\000r\000r\000a\000m\000i\000e\000n\000t\000a\000s\000\040\000d\000e\000\040\000r\000e\000c\000o\000n\000o\000c\000i\000m\000i\000e\000n\000t\000o\000\040\000a\000u\000t\000o\000m\000a\000t\000i\000z\000a\000d\000o}{chapter.3}% 7
\BOOKMARK [2][-]{subsection.3.2.1}{\376\377\000P\000r\000o\000j\000e\000c\000t\000D\000i\000s\000c\000o\000v\000e\000r\000y\000\040\000C\000l\000o\000u\000d}{section.3.2}% 8
\BOOKMARK [2][-]{subsection.3.2.2}{\376\377\000I\000n\000t\000r\000u\000d\000e\000r\000.\000i\000o}{section.3.2}% 9
\BOOKMARK [2][-]{subsection.3.2.3}{\376\377\000D\000e\000t\000e\000c\000t\000i\000f\000y}{section.3.2}% 10
\BOOKMARK [2][-]{subsection.3.2.4}{\376\377\000P\000r\000o\000p\000u\000e\000s\000t\000a\000\040\000d\000e\000s\000a\000r\000r\000o\000l\000l\000a\000d\000a}{section.3.2}% 11
\BOOKMARK [1][-]{section.3.3}{\376\377\000C\000o\000m\000p\000a\000r\000a\000t\000i\000v\000a\000\040\000d\000e\000\040\000l\000a\000s\000\040\000s\000o\000l\000u\000c\000i\000o\000n\000e\000s\000\040\000a\000n\000a\000l\000i\000z\000a\000d\000a\000s}{chapter.3}% 12
\BOOKMARK [0][-]{chapter.4}{\376\377\000M\000e\000t\000o\000d\000o\000l\000o\000g\000\355\000a}{}% 13
\BOOKMARK [1][-]{section.4.1}{\376\377\000E\000s\000t\000u\000d\000i\000o\000\040\000d\000e\000\040\000l\000a\000\040\000f\000a\000s\000e\000\040\000d\000e\000\040\000r\000e\000c\000o\000n\000o\000c\000i\000m\000i\000e\000n\000t\000o}{chapter.4}% 14
\BOOKMARK [2][-]{subsection.4.1.1}{\376\377\000M\000e\000t\000o\000d\000o\000l\000o\000g\000\355\000a\000s\000\040\000d\000e\000\040\000r\000e\000f\000e\000r\000e\000n\000c\000i\000a}{section.4.1}% 15
\BOOKMARK [2][-]{subsection.4.1.2}{\376\377\000E\000n\000f\000o\000q\000u\000e\000\040\000a\000d\000o\000p\000t\000a\000d\000o\000\040\000e\000n\000\040\000e\000s\000t\000e\000\040\000t\000r\000a\000b\000a\000j\000o}{section.4.1}% 16
\BOOKMARK [1][-]{section.4.2}{\376\377\000A\000n\000\341\000l\000i\000s\000i\000s\000\040\000y\000\040\000e\000l\000e\000c\000c\000i\000\363\000n\000\040\000d\000e\000\040\000h\000e\000r\000r\000a\000m\000i\000e\000n\000t\000a\000s}{chapter.4}% 17
\BOOKMARK [2][-]{subsection.4.2.1}{\376\377\000C\000r\000i\000t\000e\000r\000i\000o\000s\000\040\000d\000e\000\040\000s\000e\000l\000e\000c\000c\000i\000\363\000n}{section.4.2}% 18
\BOOKMARK [2][-]{subsection.4.2.2}{\376\377\000C\000o\000m\000p\000a\000r\000a\000t\000i\000v\000a\000\040\000d\000e\000\040\000h\000e\000r\000r\000a\000m\000i\000e\000n\000t\000a\000s\000\040\000c\000o\000n\000s\000i\000d\000e\000r\000a\000d\000a\000s}{section.4.2}% 19
\BOOKMARK [1][-]{section.4.3}{\376\377\000R\000e\000s\000u\000m\000e\000n\000\040\000d\000e\000\040\000h\000e\000r\000r\000a\000m\000i\000e\000n\000t\000a\000s\000\040\000u\000t\000i\000l\000i\000z\000a\000d\000a\000s}{chapter.4}% 20
\BOOKMARK [1][-]{section.4.4}{\376\377\000F\000l\000u\000j\000o\000\040\000m\000e\000t\000o\000d\000o\000l\000\363\000g\000i\000c\000o\000\040\000d\000e\000\040\000e\000j\000e\000c\000u\000c\000i\000\363\000n}{chapter.4}% 21
\BOOKMARK [2][-]{subsection.4.4.1}{\376\377\000E\000s\000c\000a\000n\000e\000o\000\040\000d\000e\000\040\000p\000u\000e\000r\000t\000o\000s\000\040\000y\000\040\000s\000e\000r\000v\000i\000c\000i\000o\000s}{section.4.4}% 22
\BOOKMARK [2][-]{subsection.4.4.2}{\376\377\000E\000n\000u\000m\000e\000r\000a\000c\000i\000\363\000n\000\040\000d\000e\000l\000\040\000d\000o\000m\000i\000n\000i\000o}{section.4.4}% 23
\BOOKMARK [2][-]{subsection.4.4.3}{\376\377\000R\000e\000c\000o\000n\000o\000c\000i\000m\000i\000e\000n\000t\000o\000\040\000w\000e\000b}{section.4.4}% 24
\BOOKMARK [2][-]{subsection.4.4.4}{\376\377\000R\000e\000c\000o\000n\000o\000c\000i\000m\000i\000e\000n\000t\000o\000\040\000F\000T\000P}{section.4.4}% 25
\BOOKMARK [2][-]{subsection.4.4.5}{\376\377\000R\000e\000c\000o\000n\000o\000c\000i\000m\000i\000e\000n\000t\000o\000\040\000S\000S\000H}{section.4.4}% 26
\BOOKMARK [2][-]{subsection.4.4.6}{\376\377\000G\000e\000n\000e\000r\000a\000c\000i\000\363\000n\000\040\000d\000e\000l\000\040\000i\000n\000f\000o\000r\000m\000e}{section.4.4}% 27
\BOOKMARK [1][-]{section.4.5}{\376\377\000F\000i\000g\000u\000r\000a\000\040\000r\000e\000s\000u\000m\000e\000n\000\040\000d\000e\000l\000\040\000f\000l\000u\000j\000o\000\040\000d\000e\000\040\000e\000j\000e\000c\000u\000c\000i\000\363\000n}{chapter.4}% 28
\BOOKMARK [0][-]{chapter.5}{\376\377\000I\000m\000p\000l\000e\000m\000e\000n\000t\000a\000c\000i\000\363\000n\000\040\000y\000\040\000d\000e\000s\000a\000r\000r\000o\000l\000l\000o}{}% 29
\BOOKMARK [1][-]{section.5.1}{\376\377\000D\000i\000s\000e\000\361\000o\000\040\000d\000e\000\040\000l\000a\000\040\000a\000r\000q\000u\000i\000t\000e\000c\000t\000u\000r\000a\000\040\000d\000e\000\040\000l\000a\000\040\000h\000e\000r\000r\000a\000m\000i\000e\000n\000t\000a}{chapter.5}% 30
\BOOKMARK [2][-]{subsection.5.1.1}{\376\377\000T\000e\000c\000n\000o\000l\000o\000g\000\355\000a\000s\000\040\000e\000m\000p\000l\000e\000a\000d\000a\000s}{section.5.1}% 31
\BOOKMARK [2][-]{subsection.5.1.2}{\376\377\000C\000o\000m\000u\000n\000i\000c\000a\000c\000i\000\363\000n\000\040\000e\000n\000t\000r\000e\000\040\000c\000o\000m\000p\000o\000n\000e\000n\000t\000e\000s}{section.5.1}% 32
\BOOKMARK [1][-]{section.5.2}{\376\377\000D\000e\000c\000i\000s\000i\000o\000n\000e\000s\000\040\000t\000\351\000c\000n\000i\000c\000a\000s}{chapter.5}% 33
\BOOKMARK [2][-]{subsection.5.2.1}{\376\377\000F\000r\000o\000n\000t\000e\000n\000d\000:\000\040\000H\000T\000M\000L\000,\000\040\000C\000S\000S\000\040\000y\000\040\000J\000a\000v\000a\000S\000c\000r\000i\000p\000t}{section.5.2}% 34
\BOOKMARK [2][-]{subsection.5.2.2}{\376\377\000B\000a\000c\000k\000e\000n\000d\000:\000\040\000P\000y\000t\000h\000o\000n\000\040\000y\000\040\000F\000l\000a\000s\000k}{section.5.2}% 35
\BOOKMARK [2][-]{subsection.5.2.3}{\376\377\000O\000r\000q\000u\000e\000s\000t\000a\000c\000i\000\363\000n\000\040\000m\000e\000d\000i\000a\000n\000t\000e\000\040\000m\000a\000i\000n\000.\000p\000y}{section.5.2}% 36
\BOOKMARK [1][-]{section.5.3}{\376\377\000D\000i\000s\000e\000\361\000o\000\040\000e\000x\000p\000e\000r\000i\000m\000e\000n\000t\000a\000l}{chapter.5}% 37
\BOOKMARK [2][-]{subsection.5.3.1}{\376\377\000R\000e\000q\000u\000i\000s\000i\000t\000o\000s\000\040\000p\000r\000e\000v\000i\000o\000s}{section.5.3}% 38
\BOOKMARK [2][-]{subsection.5.3.2}{\376\377\000C\000o\000n\000f\000i\000g\000u\000r\000a\000c\000i\000\363\000n\000\040\000d\000e\000l\000\040\000e\000s\000c\000a\000n\000e\000o}{section.5.3}% 39
\BOOKMARK [2][-]{subsection.5.3.3}{\376\377\000F\000l\000u\000j\000o\000\040\000d\000e\000\040\000u\000s\000o\000\040\000d\000e\000\040\000l\000a\000\040\000h\000e\000r\000r\000a\000m\000i\000e\000n\000t\000a}{section.5.3}% 40
\BOOKMARK [0][-]{chapter.6}{\376\377\000R\000e\000s\000u\000l\000t\000a\000d\000o\000s}{}% 41
\BOOKMARK [1][-]{section.6.1}{\376\377\000E\000m\000p\000r\000e\000s\000a\000\040\000A}{chapter.6}% 42
\BOOKMARK [2][-]{subsection.6.1.1}{\376\377\000S\000u\000b\000d\000o\000m\000i\000n\000i\000o\000\040\000A\0001}{section.6.1}% 43
\BOOKMARK [2][-]{subsection.6.1.2}{\376\377\000S\000u\000b\000d\000o\000m\000i\000n\000i\000o\000\040\000A\0002}{section.6.1}% 44
\BOOKMARK [2][-]{subsection.6.1.3}{\376\377\000A\000c\000c\000i\000o\000n\000e\000s\000\040\000r\000e\000c\000o\000m\000e\000n\000d\000a\000d\000a\000s\000\040\000p\000a\000r\000a\000\040\000l\000a\000\040\000E\000m\000p\000r\000e\000s\000a\000\040\000A}{section.6.1}% 45
\BOOKMARK [1][-]{section.6.2}{\376\377\000E\000m\000p\000r\000e\000s\000a\000\040\000B}{chapter.6}% 46
\BOOKMARK [2][-]{subsection.6.2.1}{\376\377\000A\000c\000c\000i\000o\000n\000e\000s\000\040\000r\000e\000c\000o\000m\000e\000n\000d\000a\000d\000a\000s\000\040\000p\000a\000r\000a\000\040\000l\000a\000\040\000E\000m\000p\000r\000e\000s\000a\000\040\000B}{section.6.2}% 47
\BOOKMARK [1][-]{section.6.3}{\376\377\000E\000m\000p\000r\000e\000s\000a\000\040\000C}{chapter.6}% 48
\BOOKMARK [2][-]{subsection.6.3.1}{\376\377\000A\000c\000c\000i\000o\000n\000e\000s\000\040\000r\000e\000c\000o\000m\000e\000n\000d\000a\000d\000a\000s\000\040\000p\000a\000r\000a\000\040\000l\000a\000\040\000E\000m\000p\000r\000e\000s\000a\000\040\000C}{section.6.3}% 49
\BOOKMARK [1][-]{section.6.4}{\376\377\000I\000m\000p\000a\000c\000t\000o\000\040\000e\000n\000\040\000l\000a\000\040\000e\000f\000i\000c\000i\000e\000n\000c\000i\000a\000\040\000d\000e\000l\000\040\000a\000n\000\341\000l\000i\000s\000i\000s}{chapter.6}% 50
\BOOKMARK [2][-]{subsection.6.4.1}{\376\377\000C\000o\000m\000p\000a\000r\000a\000t\000i\000v\000a\000\040\000p\000o\000r\000\040\000f\000a\000s\000e\000s}{section.6.4}% 51
\BOOKMARK [2][-]{subsection.6.4.2}{\376\377\000R\000e\000s\000u\000m\000e\000n\000\040\000y\000\040\000a\000n\000\341\000l\000i\000s\000i\000s}{section.6.4}% 52
\BOOKMARK [0][-]{chapter.7}{\376\377\000C\000o\000n\000c\000l\000u\000s\000i\000o\000n\000e\000s\000\040\000y\000\040\000t\000r\000a\000b\000a\000j\000o\000s\000\040\000f\000u\000t\000u\000r\000o\000s}{}% 53
\BOOKMARK [1][-]{section.7.1}{\376\377\000C\000o\000n\000c\000l\000u\000s\000i\000o\000n\000e\000s}{chapter.7}% 54
\BOOKMARK [1][-]{section.7.2}{\376\377\000L\000\355\000n\000e\000a\000s\000\040\000d\000e\000\040\000t\000r\000a\000b\000a\000j\000o\000\040\000f\000u\000t\000u\000r\000a\000s}{chapter.7}% 55
\BOOKMARK [0][-]{section*.91}{\376\377\000B\000i\000b\000l\000i\000o\000g\000r\000a\000f\000\355\000a}{}% 56
