{"target": "https://puebladesanchoperez.com/", "date": "2025-04-10T13:06:55.906325", "status": "Aborted"}
{"target": "https://puebladesanchoperez.com/", "date": "2025-04-10T13:19:34.534001", "status": "Aborted"}
{"target": "10.10.11.62", "date": "2025-04-10T13:39:57.377976", "status": "Completed"}
{"target": "uclaestrella.es", "date": "2025-04-10T13:52:53.145576", "status": "Aborted"}
{"target": "uclaestrella.es", "date": "2025-04-10T14:04:03.928192", "status": "Aborted"}
{"target": "uclaestrella.es", "date": "2025-04-11T08:36:22.213877", "status": "Aborted"}
{"target": "uclaestrella.es", "date": "2025-04-11T08:36:38.382235", "status": "Aborted"}
{"target": "uclaestrella.es", "date": "2025-04-11T08:47:13.856946", "status": "Aborted"}
{"target": "uclaestrella.es", "date": "2025-04-11T10:02:12.635216", "status": "Completed"}
{"target": "uclaestrella.es", "date": "2025-04-11T10:16:08.356893", "status": "Aborted"}
{"target": "uclaestrella.es", "date": "2025-04-11T10:26:07.829277", "status": "Completed"}
{"target": "uclaestrella.es", "date": "2025-04-11T10:34:53.630924", "status": "Aborted"}
{"target": "uclaestrella.es", "date": "2025-04-11T10:47:06.392761", "status": "Completed"}
{"target": "uclaestrella.es", "date": "2025-04-11T10:59:43.857450", "status": "Completed"}
{"target": "centrorotulozafra.com", "date": "2025-04-12T11:21:56.313890", "status": "Completed"}
{"target": "https://www.embutidosmorato.com/", "date": "2025-04-12T11:28:23.219444", "status": "Aborted"}
{"target": "https://embutidosmorato.com/", "date": "2025-04-12T11:40:05.146128", "status": "Completed"}
{"target": "http://lasbarandas.com/", "date": "2025-04-12T11:52:03.749886", "status": "Aborted"}
{"target": "http://lasbarandas.com/", "date": "2025-04-12T12:00:29.420915", "status": "Aborted"}
{"target": "liquiddentist.net", "date": "2025-04-12T12:33:07.247050", "status": "Completed"}
{"target": "https://liquiddentist.net/", "date": "2025-04-13T13:13:19.739207", "status": "Aborted"}
{"target": "example.com", "date": "2025-04-14T17:11:48.358277", "status": "Aborted"}
{"target": "zafra.es", "date": "2025-04-15T19:12:22.117647", "status": "Completed"}
